<?xml version="1.0" encoding="UTF-8"?>
<testsuite name="StatementPrinterTests" tests="4" skipped="0" failures="0" errors="0" timestamp="2023-10-29T12:41:50" hostname="DESKTOP-QOMSFJR" time="0.678">
  <properties/>
  <testcase name="exampleStatementTXT()" classname="StatementPrinterTests" time="0.295"/>
  <testcase name="exampleStatementHTML()" classname="StatementPrinterTests" time="0.272"/>
  <testcase name="promotionAppliedStatementTXT()" classname="StatementPrinterTests" time="0.053"/>
  <testcase name="promotionAppliedStatementHTML()" classname="StatementPrinterTests" time="0.056"/>
  <system-out><![CDATA[]]></system-out>
  <system-err><![CDATA[]]></system-err>
</testsuite>
