<?xml version="1.0" encoding="UTF-8"?>
<testsuite name="StatementPrinterTests" tests="2" skipped="0" failures="0" errors="0" timestamp="2023-10-27T13:00:15" hostname="IPHONE_DE_JEAN" time="1.456">
  <properties/>
  <testcase name="exampleStatementTXT()" classname="StatementPrinterTests" time="0.753"/>
  <testcase name="exampleStatementHTML()" classname="StatementPrinterTests" time="0.701"/>
  <system-out><![CDATA[]]></system-out>
  <system-err><![CDATA[]]></system-err>
</testsuite>
