<?xml version="1.0" encoding="UTF-8"?>
<testsuite name="StatementPrinterTests" tests="1" skipped="0" failures="0" errors="0" timestamp="2023-10-20T16:17:46" hostname="DESKTOP-QOMSFJR" time="0.375">
  <properties/>
  <testcase name="exampleStatement()" classname="StatementPrinterTests" time="0.375"/>
  <system-out><![CDATA[]]></system-out>
  <system-err><![CDATA[]]></system-err>
</testsuite>
